[2026-06-11T15:05:47.419144-03:00] app.WARNING: [CSRF] Token validation failed. {"method":"POST","uri":"/dashboard/forgot","ip":"::1","user_agent":"Mozilla/5.0 (Windows NT 10.0; Win64; x64) AppleWebKit/537.36 (KHTML, like Gecko) Chrome/149.0.0.0 Safari/537.36","referer":"http://localhost/dashboard/forgot","had_session":false} []
[2026-06-11T16:06:53.074551-03:00] app.WARNING: [CSRF] Token validation failed. {"method":"POST","uri":"/dashboard/forgot","ip":"::1","user_agent":"Mozilla/5.0 (Windows NT 10.0; Win64; x64) AppleWebKit/537.36 (KHTML, like Gecko) Chrome/149.0.0.0 Safari/537.36","referer":"http://localhost/dashboard/forgot","had_session":false} []
[2026-06-11T16:15:08.863145-03:00] app.WARNING: [CSRF] Token validation failed. {"method":"POST","uri":"/dashboard/forgot","had_session":false} []
[2026-06-11T16:18:48.130273-03:00] app.WARNING: [CSRF] Token validation failed. {"method":"POST","uri":"/dashboard/forgot","had_session":false} []
[2026-06-11T16:19:22.052305-03:00] app.WARNING: [CSRF] Token validation failed. {"method":"POST","uri":"/dashboard/forgot","had_session":false} []
[2026-06-11T16:26:14.951925-03:00] app.DEBUG: [SMTP] SERVER -> CLIENT: 220 smtp.gmail.com ESMTP 71dfb90a1353d-5bb69270443sm234149e0c.17 - gsmtp [] []
[2026-06-11T16:26:14.957167-03:00] app.DEBUG: [SMTP] CLIENT -> SERVER: EHLO localhost [] []
[2026-06-11T16:26:15.198023-03:00] app.DEBUG: [SMTP] SERVER -> CLIENT: 250-smtp.gmail.com at your service, [186.192.164.60] 250-SIZE 35882577 250-8BITMIME 250-STARTTLS 250-ENHANCEDSTATUSCODES 250-PIPELINING 250-CHUNKING 250 SMTPUTF8 [] []
[2026-06-11T16:26:15.198618-03:00] app.DEBUG: [SMTP] CLIENT -> SERVER: STARTTLS [] []
[2026-06-11T16:26:15.431948-03:00] app.DEBUG: [SMTP] SERVER -> CLIENT: 220 2.0.0 Ready to start TLS [] []
[2026-06-11T16:26:16.095665-03:00] app.DEBUG: [SMTP] CLIENT -> SERVER: EHLO localhost [] []
[2026-06-11T16:26:16.384932-03:00] app.DEBUG: [SMTP] SERVER -> CLIENT: 250-smtp.gmail.com at your service, [186.192.164.60] 250-SIZE 35882577 250-8BITMIME 250-AUTH LOGIN PLAIN XOAUTH2 PLAIN-CLIENTTOKEN OAUTHBEARER XOAUTH 250-ENHANCEDSTATUSCODES 250-PIPELINING 250-CHUNKING 250 SMTPUTF8 [] []
[2026-06-11T16:26:16.386078-03:00] app.DEBUG: [SMTP] CLIENT -> SERVER: AUTH LOGIN [] []
[2026-06-11T16:26:16.618695-03:00] app.DEBUG: [SMTP] SERVER -> CLIENT: 334 VXNlcm5hbWU6 [] []
[2026-06-11T16:26:16.619737-03:00] app.DEBUG: [SMTP] CLIENT -> SERVER: [credentials hidden] [] []
[2026-06-11T16:26:16.852155-03:00] app.DEBUG: [SMTP] SERVER -> CLIENT: 334 UGFzc3dvcmQ6 [] []
[2026-06-11T16:26:16.853024-03:00] app.DEBUG: [SMTP] CLIENT -> SERVER: [credentials hidden] [] []
[2026-06-11T16:26:17.191911-03:00] app.DEBUG: [SMTP] SERVER -> CLIENT: 534-5.7.9 Application-specific password required. For more information, go to 534 5.7.9  https://support.google.com/mail/?p=InvalidSecondFactor 71dfb90a1353d-5bb69270443sm234149e0c.17 - gsmtp [] []
[2026-06-11T16:26:17.193204-03:00] app.DEBUG: [SMTP] SMTP ERROR: Password command failed: 534-5.7.9 Application-specific password required. For more information, go to 534 5.7.9  https://support.google.com/mail/?p=InvalidSecondFactor 71dfb90a1353d-5bb69270443sm234149e0c.17 - gsmtp [] []
[2026-06-11T16:26:17.217140-03:00] app.DEBUG: [SMTP] SMTP Error: Could not authenticate. [] []
[2026-06-11T16:26:17.217640-03:00] app.DEBUG: [SMTP] CLIENT -> SERVER: QUIT [] []
[2026-06-11T16:26:17.451833-03:00] app.DEBUG: [SMTP] SERVER -> CLIENT: 221 2.0.0 closing connection 71dfb90a1353d-5bb69270443sm234149e0c.17 - gsmtp [] []
[2026-06-11T16:26:17.454433-03:00] app.DEBUG: [SMTP] SMTP Error: Could not authenticate. [] []
[2026-06-11T16:26:17.456836-03:00] app.ERROR: [MAIL ERROR] SMTP Error: Could not authenticate. {"to":"alercio1@email.com","subject":"Redefinição de senha","template":"reset-password.twig"} []
[2026-06-11T16:26:17.457577-03:00] app.INFO: Password reset email sent {"email":"alercio1@email.com"} []
[2026-06-11T16:45:29.487659-03:00] app.WARNING: [CSRF] Token validation failed. {"method":"POST","uri":"/forgot","had_session":false} []
[2026-06-11T16:45:42.100545-03:00] app.DEBUG: [SMTP] SERVER -> CLIENT: 220 smtp.gmail.com ESMTP a1e0cc1a2514c-96662efb53dsm1857650241.3 - gsmtp [] []
[2026-06-11T16:45:42.106787-03:00] app.DEBUG: [SMTP] CLIENT -> SERVER: EHLO localhost [] []
[2026-06-11T16:45:42.345415-03:00] app.DEBUG: [SMTP] SERVER -> CLIENT: 250-smtp.gmail.com at your service, [186.192.164.60] 250-SIZE 35882577 250-8BITMIME 250-STARTTLS 250-ENHANCEDSTATUSCODES 250-PIPELINING 250-CHUNKING 250 SMTPUTF8 [] []
[2026-06-11T16:45:42.346544-03:00] app.DEBUG: [SMTP] CLIENT -> SERVER: STARTTLS [] []
[2026-06-11T16:45:42.579302-03:00] app.DEBUG: [SMTP] SERVER -> CLIENT: 220 2.0.0 Ready to start TLS [] []
[2026-06-11T16:45:42.665826-03:00] app.DEBUG: [SMTP] CLIENT -> SERVER: EHLO localhost [] []
[2026-06-11T16:45:42.957122-03:00] app.DEBUG: [SMTP] SERVER -> CLIENT: 250-smtp.gmail.com at your service, [186.192.164.60] 250-SIZE 35882577 250-8BITMIME 250-AUTH LOGIN PLAIN XOAUTH2 PLAIN-CLIENTTOKEN OAUTHBEARER XOAUTH 250-ENHANCEDSTATUSCODES 250-PIPELINING 250-CHUNKING 250 SMTPUTF8 [] []
[2026-06-11T16:45:42.958775-03:00] app.DEBUG: [SMTP] CLIENT -> SERVER: AUTH LOGIN [] []
[2026-06-11T16:45:43.190726-03:00] app.DEBUG: [SMTP] SERVER -> CLIENT: 334 VXNlcm5hbWU6 [] []
[2026-06-11T16:45:43.191703-03:00] app.DEBUG: [SMTP] CLIENT -> SERVER: [credentials hidden] [] []
[2026-06-11T16:45:43.423719-03:00] app.DEBUG: [SMTP] SERVER -> CLIENT: 334 UGFzc3dvcmQ6 [] []
[2026-06-11T16:45:43.424288-03:00] app.DEBUG: [SMTP] CLIENT -> SERVER: [credentials hidden] [] []
[2026-06-11T16:45:43.703980-03:00] app.DEBUG: [SMTP] SERVER -> CLIENT: 534-5.7.9 Application-specific password required. For more information, go to 534 5.7.9  https://support.google.com/mail/?p=InvalidSecondFactor a1e0cc1a2514c-96662efb53dsm1857650241.3 - gsmtp [] []
[2026-06-11T16:45:43.705507-03:00] app.DEBUG: [SMTP] SMTP ERROR: Password command failed: 534-5.7.9 Application-specific password required. For more information, go to 534 5.7.9  https://support.google.com/mail/?p=InvalidSecondFactor a1e0cc1a2514c-96662efb53dsm1857650241.3 - gsmtp [] []
[2026-06-11T16:45:43.714683-03:00] app.DEBUG: [SMTP] SMTP Error: Could not authenticate. [] []
[2026-06-11T16:45:43.715565-03:00] app.DEBUG: [SMTP] CLIENT -> SERVER: QUIT [] []
[2026-06-11T16:45:43.947713-03:00] app.DEBUG: [SMTP] SERVER -> CLIENT: 221 2.0.0 closing connection a1e0cc1a2514c-96662efb53dsm1857650241.3 - gsmtp [] []
[2026-06-11T16:45:43.950328-03:00] app.DEBUG: [SMTP] SMTP Error: Could not authenticate. [] []
[2026-06-11T16:45:43.952820-03:00] app.ERROR: [MAIL ERROR] SMTP Error: Could not authenticate. {"to":"alercio1@email.com","subject":"Redefinição de senha","template":"reset-password.twig"} []
[2026-06-11T16:45:43.953524-03:00] app.INFO: Password reset email sent {"email":"alercio1@email.com"} []
[2026-06-11T16:52:22.764918-03:00] app.WARNING: [CSRF] Token validation failed. {"method":"POST","uri":"/admin/users/14","had_session":true} []
[2026-06-11T16:58:16.705973-03:00] app.WARNING: [CSRF] Token validation failed. {"method":"POST","uri":"/forgot","had_session":false} []
